\BOOKMARK [1][-]{section.1}{Summary}{}% 1
\BOOKMARK [1][-]{section.2}{Introduction}{}% 2
\BOOKMARK [2][-]{subsection.2.1}{Problem Definition}{section.2}% 3
\BOOKMARK [2][-]{subsection.2.2}{Objective}{section.2}% 4
\BOOKMARK [1][-]{section.3}{Background}{}% 5
\BOOKMARK [2][-]{subsection.3.1}{Automatic Levelling Wrist Background}{section.3}% 6
\BOOKMARK [3][-]{subsubsection.3.1.1}{Automatic Levelling Method}{subsection.3.1}% 7
\BOOKMARK [2][-]{subsection.3.2}{Neural Network Background}{section.3}% 8
\BOOKMARK [3][-]{subsubsection.3.2.1}{Backpropagation}{subsection.3.2}% 9
\BOOKMARK [3][-]{subsubsection.3.2.2}{Levenberg-Marquardt Algorithm}{subsection.3.2}% 10
\BOOKMARK [3][-]{subsubsection.3.2.3}{Numerically Calculating the Jacobian of the Servo}{subsection.3.2}% 11
\BOOKMARK [2][-]{subsection.3.3}{Reinforcement Learning Background}{section.3}% 12
\BOOKMARK [3][-]{subsubsection.3.3.1}{Q-Learning}{subsection.3.3}% 13
\BOOKMARK [3][-]{subsubsection.3.3.2}{Function Approximation}{subsection.3.3}% 14
\BOOKMARK [1][-]{section.4}{Proposed Solutions}{}% 15
\BOOKMARK [2][-]{subsection.4.1}{Criteria and Constraints}{section.4}% 16
\BOOKMARK [2][-]{subsection.4.2}{Neural Network Methods}{section.4}% 17
\BOOKMARK [3][-]{subsubsection.4.2.1}{PID Auto-Tuning, Trained Model-Free using Backpropagation}{subsection.4.2}% 18
\BOOKMARK [3][-]{subsubsection.4.2.2}{PID Auto-Tuning, Trained Model-Free using the Levenberg-Marquardt Algorithm}{subsection.4.2}% 19
\BOOKMARK [3][-]{subsubsection.4.2.3}{PID Auto-Tuning, Trained with a Model using the Levenberg-Marquardt Algorithm}{subsection.4.2}% 20
\BOOKMARK [2][-]{subsection.4.3}{Reinforcement Learning Methods}{section.4}% 21
\BOOKMARK [1][-]{section.5}{Solution Evaluation}{}% 22
\BOOKMARK [2][-]{subsection.5.1}{Q-learning - Tabular}{section.5}% 23
\BOOKMARK [2][-]{subsection.5.2}{Q-learning - Function Approximation}{section.5}% 24
\BOOKMARK [2][-]{subsection.5.3}{PID Auto-Tuning - Trained with Model, using Levenberg-Marquardt}{section.5}% 25
\BOOKMARK [2][-]{subsection.5.4}{PID Auto-Tuning - Trained Model-Free, using Levenberg-Marquardt}{section.5}% 26
\BOOKMARK [2][-]{subsection.5.5}{PID Auto-Tuning - Trained Model-Free, using backpropagation}{section.5}% 27
\BOOKMARK [2][-]{subsection.5.6}{Chosen Solution}{section.5}% 28
\BOOKMARK [1][-]{section.6}{PID Auto-Tuning Implementation}{}% 29
\BOOKMARK [2][-]{subsection.6.1}{Servo Transfer Function}{section.6}% 30
\BOOKMARK [2][-]{subsection.6.2}{Single DOF Simulation}{section.6}% 31
\BOOKMARK [2][-]{subsection.6.3}{Neural Network Structure}{section.6}% 32
\BOOKMARK [2][-]{subsection.6.4}{Levenberg-Marquardt Algorithm Implementation}{section.6}% 33
\BOOKMARK [2][-]{subsection.6.5}{Amplitude Modulated Pseudo-Random Binary Signal \(APRBS\) Generation}{section.6}% 34
\BOOKMARK [1][-]{section.7}{Results}{}% 35
\BOOKMARK [1][-]{section.8}{Conclusion}{}% 36
\BOOKMARK [1][-]{section.9}{Recommendations}{}% 37
\BOOKMARK [1][-]{section*.12}{Appendices}{}% 38
\BOOKMARK [1][-]{Appendix.1.A}{Appendix}{}% 39
